
---------------------------------------
File name: 20200130_161657
 Submit Time: Tue Aug 11 2020 02:40:28 GMT+0800 (Hong Kong Standard Time)
 Binomial took: 58 ms
---------------------------------------
File name: 20200130_161715
 Submit Time: Tue Aug 11 2020 02:58:16 GMT+0800 (Hong Kong Standard Time)
 Binomial took: 37890 ms
---------------------------------------
File name: 20200130_161657
 Submit Time: Tue Aug 11 2020 02:59:04 GMT+0800 (Hong Kong Standard Time)
 Binomial took: 1232 ms
---------------------------------------
File name: 20200130_161657
 Submit Time: Tue Aug 11 2020 02:59:04 GMT+0800 (Hong Kong Standard Time)
 Binomial took: 4940 ms
---------------------------------------
File name: 20200130_161657
 Submit Time: Tue Aug 11 2020 02:59:04 GMT+0800 (Hong Kong Standard Time)
 Binomial took: 13109 ms
---------------------------------------
File name: 20200130_161715
 Submit Time: Tue Aug 11 2020 02:59:52 GMT+0800 (Hong Kong Standard Time)
 Binomial took: 1379 ms
---------------------------------------
File name: 20200130_161715
 Submit Time: Tue Aug 11 2020 02:59:52 GMT+0800 (Hong Kong Standard Time)
 Binomial took: 12200 ms
---------------------------------------
File name: 20200130_161715
 Submit Time: Tue Aug 11 2020 02:59:52 GMT+0800 (Hong Kong Standard Time)
 Binomial took: 313750 ms
---------------------------------------
File name: 20200130_161715
 Submit Time: Tue Aug 11 2020 02:59:52 GMT+0800 (Hong Kong Standard Time)
 Binomial took: 315122 ms
---------------------------------------
File name: 20200130_161715
 Submit Time: Tue Aug 11 2020 02:59:52 GMT+0800 (Hong Kong Standard Time)
 Binomial took: 316197 ms
---------------------------------------
File name: 20200130_161715
 Submit Time: Tue Aug 11 2020 02:59:52 GMT+0800 (Hong Kong Standard Time)
 Binomial took: 316880 ms
---------------------------------------
File name: 20200130_161715
 Submit Time: Tue Aug 11 2020 02:59:52 GMT+0800 (Hong Kong Standard Time)
 Binomial took: 317321 ms
---------------------------------------
File name: 20200130_161715
 Submit Time: Tue Aug 11 2020 02:59:52 GMT+0800 (Hong Kong Standard Time)
 Binomial took: 317529 ms
---------------------------------------
File name: 20200130_161715
 Submit Time: Tue Aug 11 2020 02:59:52 GMT+0800 (Hong Kong Standard Time)
 Binomial took: 317715 ms
---------------------------------------
File name: 20200130_161715
 Submit Time: Tue Aug 11 2020 02:59:52 GMT+0800 (Hong Kong Standard Time)
 Binomial took: 317883 ms
---------------------------------------
File name: 20200130_161715
 Submit Time: Tue Aug 11 2020 02:59:52 GMT+0800 (Hong Kong Standard Time)
 Binomial took: 318064 ms
---------------------------------------
File name: 20200130_161715
 Submit Time: Tue Aug 11 2020 02:59:52 GMT+0800 (Hong Kong Standard Time)
 Binomial took: 318252 ms
---------------------------------------
File name: 20200130_161715
 Submit Time: Tue Aug 11 2020 02:59:52 GMT+0800 (Hong Kong Standard Time)
 Binomial took: 319253 ms
---------------------------------------
File name: 20200130_161715
 Submit Time: Tue Aug 11 2020 02:59:52 GMT+0800 (Hong Kong Standard Time)
 Binomial took: 319819 ms
---------------------------------------
File name: 20200130_161715
 Submit Time: Tue Aug 11 2020 02:59:52 GMT+0800 (Hong Kong Standard Time)
 Binomial took: 320819 ms
---------------------------------------
File name: 20200130_161657
 Submit Time: Tue Aug 11 2020 03:07:30 GMT+0800 (Hong Kong Standard Time)
 Binomial took: 64 ms
---------------------------------------
File name: 20200130_161657
 Submit Time: Tue Aug 11 2020 03:07:30 GMT+0800 (Hong Kong Standard Time)
 Binomial took: 11036 ms
---------------------------------------
File name: 20200130_161657
 Submit Time: Tue Aug 11 2020 03:07:30 GMT+0800 (Hong Kong Standard Time)
 Binomial took: 11752 ms
---------------------------------------
File name: 20200130_161657
 Submit Time: Tue Aug 11 2020 03:07:30 GMT+0800 (Hong Kong Standard Time)
 Binomial took: 12341 ms
---------------------------------------
File name: 20200130_161657
 Submit Time: Tue Aug 11 2020 03:07:30 GMT+0800 (Hong Kong Standard Time)
 Binomial took: 128861 ms
---------------------------------------
File name: 20200130_161715
 Submit Time: Tue Aug 11 2020 11:23:59 GMT+0800 (Hong Kong Standard Time)
 Submit Time: 
 Binomial took: 80 ms
---------------------------------------
File name: 20200130_161715
 Submit Time: Tue Aug 11 2020 11:29:25 GMT+0800 (Hong Kong Standard Time)
 Submit Time: 1038921
 Binomial took: 64 ms